# JRE version: OpenJDK Runtime Environment (8.0_152-b01) (build 1.8.0_152-release-1343-b01)
# Java VM: OpenJDK 64-Bit Server VM (25.152-b01 mixed mode windows-amd64 compressed oops)
Heap:
 PSYoungGen      total 208384K, used 158209K [0x00000000e0000000, 0x00000000f3b80000, 0x0000000100000000)
  eden space 126464K, 68% used [0x00000000e0000000,0x00000000e55227a0,0x00000000e7b80000)
  from space 81920K, 86% used [0x00000000e7b80000,0x00000000ec0ddd20,0x00000000ecb80000)
  to   space 91648K, 0% used [0x00000000ee200000,0x00000000ee200000,0x00000000f3b80000)
 ParOldGen       total 223744K, used 118916K [0x00000000a0000000, 0x00000000ada80000, 0x00000000e0000000)
  object space 223744K, 53% used [0x00000000a0000000,0x00000000a7421380,0x00000000ada80000)
 Metaspace       used 115168K, capacity 118908K, committed 120216K, reserved 1155072K
  class space    used 14200K, capacity 14909K, committed 15272K, reserved 1048576K
GC Heap History (10 events):
Event: 1626.640 GC heap before
{Heap before GC invocations=29 (full 4):
 PSYoungGen      total 162304K, used 162285K [0x00000000e0000000, 0x00000000ee080000, 0x0000000100000000)
  eden space 128000K, 100% used [0x00000000e0000000,0x00000000e7d00000,0x00000000e7d00000)
  from space 34304K, 99% used [0x00000000ea800000,0x00000000ec97b498,0x00000000ec980000)
  to   space 44032K, 0% used [0x00000000e7d00000,0x00000000e7d00000,0x00000000ea800000)
 ParOldGen       total 223744K, used 65885K [0x00000000a0000000, 0x00000000ada80000, 0x00000000e0000000)
  object space 223744K, 29% used [0x00000000a0000000,0x00000000a4057650,0x00000000ada80000)
 Metaspace       used 103296K, capacity 106828K, committed 108312K, reserved 1144832K
  class space    used 12908K, capacity 13569K, committed 13864K, reserved 1048576K
Event: 1626.674 GC heap after
Heap after GC invocations=29 (full 4):
 PSYoungGen      total 169472K, used 40929K [0x00000000e0000000, 0x00000000edc80000, 0x0000000100000000)
  eden space 125440K, 0% used [0x00000000e0000000,0x00000000e0000000,0x00000000e7a80000)
  from space 44032K, 92% used [0x00000000e7d00000,0x00000000ea4f8578,0x00000000ea800000)
  to   space 50176K, 0% used [0x00000000eab80000,0x00000000eab80000,0x00000000edc80000)
 ParOldGen       total 223744K, used 71211K [0x00000000a0000000, 0x00000000ada80000, 0x00000000e0000000)
  object space 223744K, 31% used [0x00000000a0000000,0x00000000a458ac20,0x00000000ada80000)
 Metaspace       used 103296K, capacity 106828K, committed 108312K, reserved 1144832K
  class space    used 12908K, capacity 13569K, committed 13864K, reserved 1048576K
}
Event: 1631.127 GC heap before
{Heap before GC invocations=30 (full 4):
 PSYoungGen      total 169472K, used 164775K [0x00000000e0000000, 0x00000000edc80000, 0x0000000100000000)
  eden space 125440K, 98% used [0x00000000e0000000,0x00000000e78f19d0,0x00000000e7a80000)
  from space 44032K, 92% used [0x00000000e7d00000,0x00000000ea4f8578,0x00000000ea800000)
  to   space 50176K, 0% used [0x00000000eab80000,0x00000000eab80000,0x00000000edc80000)
 ParOldGen       total 223744K, used 71211K [0x00000000a0000000, 0x00000000ada80000, 0x00000000e0000000)
  object space 223744K, 31% used [0x00000000a0000000,0x00000000a458ac20,0x00000000ada80000)
 Metaspace       used 103618K, capacity 107108K, committed 108696K, reserved 1144832K
  class space    used 12935K, capacity 13615K, committed 13992K, reserved 1048576K
Event: 1631.152 GC heap after
Heap after GC invocations=30 (full 4):
 PSYoungGen      total 167424K, used 49563K [0x00000000e0000000, 0x00000000eea00000, 0x0000000100000000)
  eden space 117248K, 0% used [0x00000000e0000000,0x00000000e0000000,0x00000000e7280000)
  from space 50176K, 98% used [0x00000000eab80000,0x00000000edbe6eb0,0x00000000edc80000)
  to   space 58368K, 0% used [0x00000000e7280000,0x00000000e7280000,0x00000000eab80000)
 ParOldGen       total 223744K, used 71219K [0x00000000a0000000, 0x00000000ada80000, 0x00000000e0000000)
  object space 223744K, 31% used [0x00000000a0000000,0x00000000a458cc20,0x00000000ada80000)
 Metaspace       used 103618K, capacity 107108K, committed 108696K, reserved 1144832K
  class space    used 12935K, capacity 13615K, committed 13992K, reserved 1048576K
}
Event: 1632.165 GC heap before
{Heap before GC invocations=31 (full 4):
 PSYoungGen      total 167424K, used 166811K [0x00000000e0000000, 0x00000000eea00000, 0x0000000100000000)
  eden space 117248K, 100% used [0x00000000e0000000,0x00000000e7280000,0x00000000e7280000)
  from space 50176K, 98% used [0x00000000eab80000,0x00000000edbe6eb0,0x00000000edc80000)
  to   space 58368K, 0% used [0x00000000e7280000,0x00000000e7280000,0x00000000eab80000)
 ParOldGen       total 223744K, used 71219K [0x00000000a0000000, 0x00000000ada80000, 0x00000000e0000000)
  object space 223744K, 31% used [0x00000000a0000000,0x00000000a458cc20,0x00000000ada80000)
 Metaspace       used 109151K, capacity 112644K, committed 114200K, reserved 1148928K
  class space    used 13544K, capacity 14223K, committed 14632K, reserved 1048576K
Event: 1632.211 GC heap after
Heap after GC invocations=31 (full 4):
 PSYoungGen      total 175616K, used 58363K [0x00000000e0000000, 0x00000000f1700000, 0x0000000100000000)
  eden space 117248K, 0% used [0x00000000e0000000,0x00000000e0000000,0x00000000e7280000)
  from space 58368K, 99% used [0x00000000e7280000,0x00000000eab7ed60,0x00000000eab80000)
  to   space 77312K, 0% used [0x00000000ecb80000,0x00000000ecb80000,0x00000000f1700000)
 ParOldGen       total 223744K, used 95031K [0x00000000a0000000, 0x00000000ada80000, 0x00000000e0000000)
  object space 223744K, 42% used [0x00000000a0000000,0x00000000a5ccde68,0x00000000ada80000)
 Metaspace       used 109151K, capacity 112644K, committed 114200K, reserved 1148928K
  class space    used 13544K, capacity 14223K, committed 14632K, reserved 1048576K
}
Event: 1653.759 GC heap before
{Heap before GC invocations=32 (full 4):
 PSYoungGen      total 175616K, used 174059K [0x00000000e0000000, 0x00000000f1700000, 0x0000000100000000)
  eden space 117248K, 98% used [0x00000000e0000000,0x00000000e70fbf50,0x00000000e7280000)
  from space 58368K, 99% used [0x00000000e7280000,0x00000000eab7ed60,0x00000000eab80000)
  to   space 77312K, 0% used [0x00000000ecb80000,0x00000000ecb80000,0x00000000f1700000)
 ParOldGen       total 223744K, used 95031K [0x00000000a0000000, 0x00000000ada80000, 0x00000000e0000000)
  object space 223744K, 42% used [0x00000000a0000000,0x00000000a5ccde68,0x00000000ada80000)
 Metaspace       used 109430K, capacity 113082K, committed 114456K, reserved 1148928K
  class space    used 13562K, capacity 14252K, committed 14632K, reserved 1048576K
Event: 1653.803 GC heap after
Heap after GC invocations=32 (full 4):
 PSYoungGen      total 203776K, used 54640K [0x00000000e0000000, 0x00000000f1e00000, 0x0000000100000000)
  eden space 126464K, 0% used [0x00000000e0000000,0x00000000e0000000,0x00000000e7b80000)
  from space 77312K, 70% used [0x00000000ecb80000,0x00000000f00dc060,0x00000000f1700000)
  to   space 81920K, 0% used [0x00000000e7b80000,0x00000000e7b80000,0x00000000ecb80000)
 ParOldGen       total 223744K, used 118908K [0x00000000a0000000, 0x00000000ada80000, 0x00000000e0000000)
  object space 223744K, 53% used [0x00000000a0000000,0x00000000a741f380,0x00000000ada80000)
 Metaspace       used 109430K, capacity 113082K, committed 114456K, reserved 1148928K
  class space    used 13562K, capacity 14252K, committed 14632K, reserved 1048576K
}
Event: 1656.054 GC heap before
{Heap before GC invocations=33 (full 4):
 PSYoungGen      total 203776K, used 181104K [0x00000000e0000000, 0x00000000f1e00000, 0x0000000100000000)
  eden space 126464K, 100% used [0x00000000e0000000,0x00000000e7b80000,0x00000000e7b80000)
  from space 77312K, 70% used [0x00000000ecb80000,0x00000000f00dc060,0x00000000f1700000)
  to   space 81920K, 0% used [0x00000000e7b80000,0x00000000e7b80000,0x00000000ecb80000)
 ParOldGen       total 223744K, used 118908K [0x00000000a0000000, 0x00000000ada80000, 0x00000000e0000000)
  object space 223744K, 53% used [0x00000000a0000000,0x00000000a741f380,0x00000000ada80000)
 Metaspace       used 114740K, capacity 118422K, committed 119576K, reserved 1153024K
  class space    used 14159K, capacity 14876K, committed 15144K, reserved 1048576K
Event: 1656.092 GC heap after
Heap after GC invocations=33 (full 4):
 PSYoungGen      total 208384K, used 71031K [0x00000000e0000000, 0x00000000f3b80000, 0x0000000100000000)
  eden space 126464K, 0% used [0x00000000e0000000,0x00000000e0000000,0x00000000e7b80000)
  from space 81920K, 86% used [0x00000000e7b80000,0x00000000ec0ddd20,0x00000000ecb80000)
  to   space 91648K, 0% used [0x00000000ee200000,0x00000000ee200000,0x00000000f3b80000)
 ParOldGen       total 223744K, used 118916K [0x00000000a0000000, 0x00000000ada80000, 0x00000000e0000000)
  object space 223744K, 53% used [0x00000000a0000000,0x00000000a7421380,0x00000000ada80000)
 Metaspace       used 114740K, capacity 118422K, committed 119576K, reserved 1153024K
  class space    used 14159K, capacity 14876K, committed 15144K, reserved 1048576K
}

